c:\users\19308\source\repos\mirai-demo\debug\vc142.pdb
c:\users\19308\source\repos\mirai-demo\debug\vc142.idb
c:\users\19308\source\repos\mirai-demo\debug\dllmain.obj
c:\users\19308\desktop\e\miraicp\mirai-demo\debug\mirai-demo.pch
c:\users\19308\desktop\e\miraicp\mirai-demo\debug\vc142.pdb
c:\users\19308\desktop\e\miraicp\mirai-demo\debug\vc142.idb
c:\users\19308\desktop\e\miraicp\mirai-demo\debug\pch.obj
c:\users\19308\desktop\e\miraicp\mirai-demo\debug\tools.obj
c:\users\19308\desktop\e\miraicp\mirai-demo\debug\dllmain.obj
d:\vs_project\miraicp\mirai-demo\debug\mirai-demo.pch
d:\vs_project\miraicp\mirai-demo\debug\vc142.pdb
d:\vs_project\miraicp\mirai-demo\debug\vc142.idb
d:\vs_project\miraicp\mirai-demo\debug\pch.obj
d:\vs_project\miraicp\mirai-demo\debug\tools.obj
d:\vs_project\miraicp\mirai-demo\debug\dllmain.obj
c:\users\19308\source\repos\mirai-demo\debug\mirai-demo.dll
c:\users\19308\source\repos\mirai-demo\debug\mirai-demo.ilk
c:\users\19308\source\repos\mirai-demo\debug\mirai-demo.pdb
c:\users\19308\desktop\e\miraicp\mirai-demo\debug\mirai-demo.dll
c:\users\19308\desktop\e\miraicp\mirai-demo\debug\mirai-demo.ilk
c:\users\19308\desktop\e\miraicp\mirai-demo\debug\mirai-demo.pdb
d:\vs_project\miraicp\mirai-demo\debug\mirai-demo.dll
d:\vs_project\miraicp\mirai-demo\debug\mirai-demo.ilk
d:\vs_project\miraicp\mirai-demo\debug\mirai-demo.pdb
c:\users\19308\source\repos\mirai-demo\debug\mirai-demo.lib
c:\users\19308\source\repos\mirai-demo\debug\mirai-demo.exp
c:\users\19308\desktop\e\miraicp\mirai-demo\debug\mirai-demo.lib
c:\users\19308\desktop\e\miraicp\mirai-demo\debug\mirai-demo.exp
d:\vs_project\miraicp\mirai-demo\debug\mirai-demo.lib
d:\vs_project\miraicp\mirai-demo\debug\mirai-demo.exp
d:\vs_project\miraicp\mirai-demo\debug\mirai-demo.tlog\cl.command.1.tlog
d:\vs_project\miraicp\mirai-demo\debug\mirai-demo.tlog\cl.read.1.tlog
d:\vs_project\miraicp\mirai-demo\debug\mirai-demo.tlog\cl.write.1.tlog
d:\vs_project\miraicp\mirai-demo\debug\mirai-demo.tlog\link.12496.delete.1.tlog
d:\vs_project\miraicp\mirai-demo\debug\mirai-demo.tlog\link.13376.delete.1.tlog
d:\vs_project\miraicp\mirai-demo\debug\mirai-demo.tlog\link.command.1.tlog
d:\vs_project\miraicp\mirai-demo\debug\mirai-demo.tlog\link.delete.1.tlog
d:\vs_project\miraicp\mirai-demo\debug\mirai-demo.tlog\link.read.1.tlog
d:\vs_project\miraicp\mirai-demo\debug\mirai-demo.tlog\link.write.1.tlog
d:\vs_project\miraicp\mirai-demo\debug\mirai-demo.tlog\mirai-demo.write.1u.tlog
