  pch.cpp
D:\Git\MiraiCP\mirai-demo\pch.cpp(40,67): warning C4244: “参数”: 从“Json::Value::LargestInt”转换到“long”，可能丢失数据
D:\Git\MiraiCP\mirai-demo\pch.cpp(41,59): warning C4244: “参数”: 从“Json::Value::LargestInt”转换到“long”，可能丢失数据
D:\Git\MiraiCP\mirai-demo\pch.cpp(44,72): warning C4244: “参数”: 从“Json::Value::LargestInt”转换到“long”，可能丢失数据
D:\Git\MiraiCP\mirai-demo\pch.cpp(47,97): warning C4244: “参数”: 从“Json::Value::LargestInt”转换到“long”，可能丢失数据
D:\Git\MiraiCP\mirai-demo\pch.cpp(48,60): warning C4244: “参数”: 从“Json::Value::LargestInt”转换到“long”，可能丢失数据
D:\Git\MiraiCP\mirai-demo\pch.cpp(51,59): warning C4244: “参数”: 从“Json::Value::LargestInt”转换到“long”，可能丢失数据
  Procession.cpp
  dllmain.cpp
  jsoncpp.cpp
  tools.cpp
D:\Git\MiraiCP\mirai-demo\tools.cpp(73,59): warning C4267: “参数”: 从“size_t”转换到“jsize”，可能丢失数据
D:\Git\MiraiCP\mirai-demo\tools.cpp(75,69): warning C4267: “参数”: 从“size_t”转换到“jsize”，可能丢失数据
    正在创建库 D:\Git\MiraiCP\mirai-demo\x64\Release\mirai-demo.lib 和对象 D:\Git\MiraiCP\mirai-demo\x64\Release\mirai-demo.exp
  正在生成代码
  18 of 887 functions ( 2.0%) were compiled, the rest were copied from previous compilation.
    1 functions were new in current compilation
    4 functions had inline decision re-evaluated but remain unchanged
  已完成代码的生成
  mirai-demo.vcxproj -> D:\Git\MiraiCP\mirai-demo\x64\Release\mirai-demo.dll
